#
# There is insufficient memory for the Java Runtime Environment to continue.
# Native memory allocation (mmap) failed to map 134217728 bytes for Failed to commit area from 0x0000000081a00000 to 0x0000000089a00000 of length 134217728.
# Possible reasons:
#   The system is out of physical RAM or swap space
#   The process is running with CompressedOops enabled, and the Java Heap may be blocking the growth of the native heap
# Possible solutions:
#   Reduce memory load on the system
#   Increase physical memory or swap space
#   Check if swap backing store is full
#   Decrease Java heap size (-Xmx/-Xms)
#   Decrease number of Java threads
#   Decrease Java thread stack sizes (-Xss)
#   Set larger code cache with -XX:ReservedCodeCacheSize=
# This output file may be truncated or incomplete.
#
#  Out of Memory Error (t:/workspace/open/src/hotspot/os/windows/os_windows.cpp:3301), pid=12100, tid=11000
#
# JRE version:  (13.0.2+8) (build )
# Java VM: Java HotSpot(TM) 64-Bit Server VM (13.0.2+8, mixed mode, aot, sharing, tiered, compressed oops, g1 gc, windows-amd64)
# No core dump will be written. Minidumps are not enabled by default on client versions of Windows
#

---------------  S U M M A R Y ------------

Command Line: -Dcom.sun.management.jmxremote -Dcom.sun.management.jmxremote.port=54187 -Dcom.sun.management.jmxremote.authenticate=false -Dcom.sun.management.jmxremote.ssl=false -Djava.rmi.server.hostname=localhost -Dspring.jmx.enabled=true -Dspring.application.admin.enabled=true -XX:TieredStopAtLevel=1 -Dspring.boot.project.name=event-tickets -Dfile.encoding=UTF-8 com.webapp.EventTicketsApplication

Host: Intel(R) Core(TM) i5-6200U CPU @ 2.30GHz, 4 cores, 7G,  Windows 10 , 64 bit Build 19041 (10.0.19041.804)
Time: Sun Feb 28 13:00:55 2021 FLE Standard Time elapsed time: 0 seconds (0d 0h 0m 0s)

---------------  T H R E A D  ---------------

Current thread (0x00000292a5f40000):  JavaThread "Unknown thread" [_thread_in_vm, id=11000, stack(0x000000f7fa500000,0x000000f7fa600000)]

Stack: [0x000000f7fa500000,0x000000f7fa600000]
Native frames: (J=compiled Java code, j=interpreted, Vv=VM code, C=native code)
V  [jvm.dll+0x624f9a]
V  [jvm.dll+0x770cfa]
V  [jvm.dll+0x7724af]
V  [jvm.dll+0x772ab3]
V  [jvm.dll+0x24bf08]
V  [jvm.dll+0x6222aa]
V  [jvm.dll+0x6170b5]
V  [jvm.dll+0x30a88c]
V  [jvm.dll+0x30a6c2]
V  [jvm.dll+0x30fe36]
V  [jvm.dll+0x353f46]
V  [jvm.dll+0x353720]
V  [jvm.dll+0x2e550a]
V  [jvm.dll+0x2e67a2]
V  [jvm.dll+0x74dd78]
V  [jvm.dll+0x361989]
V  [jvm.dll+0x730e65]
V  [jvm.dll+0x3cc53f]
V  [jvm.dll+0x3ce861]
C  [jli.dll+0x51ff]
C  [ucrtbase.dll+0x21bb2]
C  [KERNEL32.DLL+0x17034]
C  [ntdll.dll+0x4d241]


---------------  P R O C E S S  ---------------

Threads class SMR info:
_java_thread_list=0x00007ffee5ccccb8, length=0, elements={
}

Java Threads: ( => current thread )

Other Threads:
  0x00000292a5f84800 GCTaskThread "GC Thread#0" [stack: 0x000000f7fa600000,0x000000f7fa700000] [id=6428]
  0x00000292a5f96800 ConcurrentGCThread "G1 Main Marker" [stack: 0x000000f7fa700000,0x000000f7fa800000] [id=12920]
  0x00000292a5f98000 ConcurrentGCThread "G1 Conc#0" [stack: 0x000000f7fa800000,0x000000f7fa900000] [id=17132]

[error occurred during error reporting (printing all threads), id 0xc0000005, EXCEPTION_ACCESS_VIOLATION (0xc0000005) at pc=0x00007ffee55051d7]

VM state:not at safepoint (not fully initialized)

VM Mutex/Monitor currently owned by a thread:  ([mutex/lock_event])
[0x00000292a5f3c240] Heap_lock - owner thread: 0x00000292a5f40000

Heap address: 0x0000000081a00000, size: 2022 MB, Compressed Oops mode: Non-zero based: 0x0000000081a00000
Narrow klass base: 0x0000000000000000, Narrow klass shift: 0

GC Heap History (0 events):
No events

Deoptimization events (0 events):
No events

Classes unloaded (0 events):
No events

Classes redefined (0 events):
No events

Internal exceptions (0 events):
No events

Events (8 events):
Event: 0.080 Loaded shared library D:\Apps\Eclipse\eclipse\jdk\jdk-13.0.2\bin\zip.dll
Event: 0.090 Loaded shared library D:\Apps\Eclipse\eclipse\jdk\jdk-13.0.2\bin\jimage.dll
Event: 0.093 Loading shared library D:\Apps\Eclipse\eclipse\jdk\jdk-13.0.2\lib\libjava.base-coop.dll failed, error code 126
Event: 0.093 Loading shared library D:\Apps\Eclipse\eclipse\jdk\jdk-13.0.2\lib\libjava.logging-coop.dll failed, error code 126
Event: 0.093 Loading shared library D:\Apps\Eclipse\eclipse\jdk\jdk-13.0.2\lib\libjdk.compiler-coop.dll failed, error code 126
Event: 0.093 Loading shared library D:\Apps\Eclipse\eclipse\jdk\jdk-13.0.2\lib\libjdk.scripting.nashorn-coop.dll failed, error code 126
Event: 0.093 Loading shared library D:\Apps\Eclipse\eclipse\jdk\jdk-13.0.2\lib\libjdk.internal.vm.ci-coop.dll failed, error code 126
Event: 0.093 Loading shared library D:\Apps\Eclipse\eclipse\jdk\jdk-13.0.2\lib\libjdk.internal.vm.compiler-coop.dll failed, error code 126


Dynamic libraries:
0x00007ff66b9f0000 - 0x00007ff66b9ff000 	D:\Apps\Eclipse\eclipse\jdk\jdk-13.0.2\bin\javaw.exe
0x00007fff27cf0000 - 0x00007fff27ee6000 	C:\WINDOWS\SYSTEM32\ntdll.dll
0x00007fff274a0000 - 0x00007fff2755d000 	C:\WINDOWS\System32\KERNEL32.DLL
0x00007fff25430000 - 0x00007fff256f9000 	C:\WINDOWS\System32\KERNELBASE.dll
0x00007fff25700000 - 0x00007fff25800000 	C:\WINDOWS\System32\ucrtbase.dll
0x00007fff20c40000 - 0x00007fff20c55000 	D:\Apps\Eclipse\eclipse\jdk\jdk-13.0.2\bin\VCRUNTIME140.dll
0x00007fff20c20000 - 0x00007fff20c38000 	D:\Apps\Eclipse\eclipse\jdk\jdk-13.0.2\bin\jli.dll
0x00007fff27240000 - 0x00007fff272ec000 	C:\WINDOWS\System32\ADVAPI32.dll
0x00007fff27610000 - 0x00007fff276ae000 	C:\WINDOWS\System32\msvcrt.dll
0x00007fff27570000 - 0x00007fff2760c000 	C:\WINDOWS\System32\sechost.dll
0x00007fff27370000 - 0x00007fff2749b000 	C:\WINDOWS\System32\RPCRT4.dll
0x00007fff26b60000 - 0x00007fff26d00000 	C:\WINDOWS\System32\USER32.dll
0x00007fff25800000 - 0x00007fff25822000 	C:\WINDOWS\System32\win32u.dll
0x00007ffefa020000 - 0x00007ffefa2bb000 	C:\WINDOWS\WinSxS\amd64_microsoft.windows.common-controls_6595b64144ccf1df_6.0.19041.746_none_ca02b4b61b8320a4\COMCTL32.dll
0x00007fff27060000 - 0x00007fff2708a000 	C:\WINDOWS\System32\GDI32.dll
0x00007fff25ba0000 - 0x00007fff25cab000 	C:\WINDOWS\System32\gdi32full.dll
0x00007fff25cb0000 - 0x00007fff25d4d000 	C:\WINDOWS\System32\msvcp_win.dll
0x00007fff197f0000 - 0x00007fff197fa000 	C:\WINDOWS\SYSTEM32\VERSION.dll
0x00007fff25d50000 - 0x00007fff25d80000 	C:\WINDOWS\System32\IMM32.DLL
0x00007fff1a7c0000 - 0x00007fff1a85b000 	D:\Apps\Eclipse\eclipse\jdk\jdk-13.0.2\bin\msvcp140.dll
0x00007ffee5210000 - 0x00007ffee5d6d000 	D:\Apps\Eclipse\eclipse\jdk\jdk-13.0.2\bin\server\jvm.dll
0x00007fff27560000 - 0x00007fff27568000 	C:\WINDOWS\System32\PSAPI.DLL
0x00007fff21b60000 - 0x00007fff21b69000 	C:\WINDOWS\SYSTEM32\WSOCK32.dll
0x00007fff27090000 - 0x00007fff270fb000 	C:\WINDOWS\System32\WS2_32.dll
0x00007fff1b610000 - 0x00007fff1b637000 	C:\WINDOWS\SYSTEM32\WINMM.dll
0x00007fff24040000 - 0x00007fff24052000 	C:\WINDOWS\SYSTEM32\kernel.appcore.dll
0x00007fff20cc0000 - 0x00007fff20cd0000 	D:\Apps\Eclipse\eclipse\jdk\jdk-13.0.2\bin\verify.dll
0x00007fff239d0000 - 0x00007fff23bb4000 	C:\WINDOWS\SYSTEM32\DBGHELP.DLL
0x00007fff14ab0000 - 0x00007fff14adc000 	C:\WINDOWS\SYSTEM32\dbgcore.DLL
0x00007fff25a10000 - 0x00007fff25a90000 	C:\WINDOWS\System32\bcryptPrimitives.dll
0x00007fff1e2e0000 - 0x00007fff1e306000 	D:\Apps\Eclipse\eclipse\jdk\jdk-13.0.2\bin\java.dll
0x00007fff1a7a0000 - 0x00007fff1a7b7000 	D:\Apps\Eclipse\eclipse\jdk\jdk-13.0.2\bin\zip.dll
0x00007fff20c10000 - 0x00007fff20c1a000 	D:\Apps\Eclipse\eclipse\jdk\jdk-13.0.2\bin\jimage.dll

dbghelp: loaded successfully - version: 4.0.5 - missing functions: none
symbol engine: initialized successfully - sym options: 0x614 - pdb path: .;D:\Apps\Eclipse\eclipse\jdk\jdk-13.0.2\bin;C:\WINDOWS\SYSTEM32;C:\WINDOWS\WinSxS\amd64_microsoft.windows.common-controls_6595b64144ccf1df_6.0.19041.746_none_ca02b4b61b8320a4;D:\Apps\Eclipse\eclipse\jdk\jdk-13.0.2\bin\server

VM Arguments:
jvm_args: -Dcom.sun.management.jmxremote -Dcom.sun.management.jmxremote.port=54187 -Dcom.sun.management.jmxremote.authenticate=false -Dcom.sun.management.jmxremote.ssl=false -Djava.rmi.server.hostname=localhost -Dspring.jmx.enabled=true -Dspring.application.admin.enabled=true -XX:TieredStopAtLevel=1 -Dspring.boot.project.name=event-tickets -Dfile.encoding=UTF-8 
java_command: com.webapp.EventTicketsApplication
java_class_path (initial): D:\Projects\SpringProjects\event-tickets-webapp\event-tickets\target\classes;C:\Users\ekole_x5tfv7b\.m2\repository\org\springframework\boot\spring-boot-starter-data-jpa\2.4.3\spring-boot-starter-data-jpa-2.4.3.jar;C:\Users\ekole_x5tfv7b\.m2\repository\org\springframework\boot\spring-boot-starter-aop\2.4.3\spring-boot-starter-aop-2.4.3.jar;C:\Users\ekole_x5tfv7b\.m2\repository\org\aspectj\aspectjweaver\1.9.6\aspectjweaver-1.9.6.jar;C:\Users\ekole_x5tfv7b\.m2\repository\org\springframework\boot\spring-boot-starter-jdbc\2.4.3\spring-boot-starter-jdbc-2.4.3.jar;C:\Users\ekole_x5tfv7b\.m2\repository\com\zaxxer\HikariCP\3.4.5\HikariCP-3.4.5.jar;C:\Users\ekole_x5tfv7b\.m2\repository\org\springframework\spring-jdbc\5.3.4\spring-jdbc-5.3.4.jar;C:\Users\ekole_x5tfv7b\.m2\repository\jakarta\transaction\jakarta.transaction-api\1.3.3\jakarta.transaction-api-1.3.3.jar;C:\Users\ekole_x5tfv7b\.m2\repository\jakarta\persistence\jakarta.persistence-api\2.2.3\jakarta.persistence-api-2.2.3.jar;C:\Users\ekole_x5tfv7b\.m2\repository\org\hibernate\hibernate-core\5.4.28.Final\hibernate-core-5.4.28.Final.jar;C:\Users\ekole_x5tfv7b\.m2\repository\org\jboss\logging\jboss-logging\3.4.1.Final\jboss-logging-3.4.1.Final.jar;C:\Users\ekole_x5tfv7b\.m2\repository\org\javassist\javassist\3.27.0-GA\javassist-3.27.0-GA.jar;C:\Users\ekole_x5tfv7b\.m2\repository\net\bytebuddy\byte-buddy\1.10.20\byte-buddy-1.10.20.jar;C:\Users\ekole_x5tfv7b\.m2\repository\antlr\antlr\2.7.7\antlr-2.7.7.jar;C:\Users\ekole_x5tfv7b\.m2\repository\org\jboss\jandex\2.2.3.Final\jandex-2.2.3.Final.jar;C:\Users\ekole_x5tfv7b\.m2\repository\com\fasterxml\classmate\1.5.1\classmate-1.5.1.jar;C:\Users\ekole_x5tfv7b\.m2\repository\org\dom4j\dom4j\2.1.3\dom4j-2.1.3.jar;C:\Users\ekole_x5tfv7b\.m2\repository\org\hibernate\common\hibernate-commons-annotations\5.1.2.Final\hibernate-commons-annotations-5.1.2.Final.jar;C:\Users\ekole_x5tfv7b\.m2\repository\org\glassfish\jaxb\jaxb-runtime\2.3.3\jaxb-runtime-2.3.3.
Launcher Type: SUN_STANDARD

[Global flags]
     intx CICompilerCount                          = 3                                         {product} {ergonomic}
     uint ConcGCThreads                            = 1                                         {product} {ergonomic}
     uint G1ConcRefinementThreads                  = 4                                         {product} {ergonomic}
   size_t G1HeapRegionSize                         = 1048576                                   {product} {ergonomic}
    uintx GCDrainStackTargetSize                   = 64                                        {product} {ergonomic}
   size_t InitialHeapSize                          = 134217728                                 {product} {ergonomic}
     bool ManagementServer                         = true                                      {product} {command line}
   size_t MarkStackSize                            = 4194304                                   {product} {ergonomic}
   size_t MaxHeapSize                              = 2120220672                                {product} {ergonomic}
   size_t MinHeapDeltaBytes                        = 1048576                                   {product} {ergonomic}
   size_t MinHeapSize                              = 8388608                                   {product} {ergonomic}
    uintx NonNMethodCodeHeapSize                   = 6973028                                {pd product} {ergonomic}
    uintx NonProfiledCodeHeapSize                  = 244685212                              {pd product} {ergonomic}
    uintx ProfiledCodeHeapSize                     = 0                                      {pd product} {ergonomic}
    uintx ReservedCodeCacheSize                    = 251658240                              {pd product} {ergonomic}
     bool SegmentedCodeCache                       = true                                      {product} {ergonomic}
   size_t SoftMaxHeapSize                          = 2120220672                             {manageable} {ergonomic}
     intx TieredStopAtLevel                        = 1                                         {product} {command line}
     bool UseCompressedClassPointers               = true                                 {lp64_product} {ergonomic}
     bool UseCompressedOops                        = true                                 {lp64_product} {ergonomic}
     bool UseG1GC                                  = true                                      {product} {ergonomic}
     bool UseLargePagesIndividualAllocation        = false                                  {pd product} {ergonomic}

Logging:
Log output configuration:
 #0: stdout all=warning uptime,level,tags
 #1: stderr all=off uptime,level,tags

Environment Variables:
PATH=D:/Apps/Eclipse for Enterprise/eclipse//plugins/org.eclipse.justj.openjdk.hotspot.jre.full.win32.x86_64_15.0.1.v20201027-0507/jre/bin/server;D:/Apps/Eclipse for Enterprise/eclipse//plugins/org.eclipse.justj.openjdk.hotspot.jre.full.win32.x86_64_15.0.1.v20201027-0507/jre/bin;C:\Program Files\Common Files\Oracle\Java\javapath;C:\Program Files (x86)\Common Files\Oracle\Java\javapath;C:\Program Files\Microsoft MPI\Bin\;C:\Program Files (x86)\Common Files\Intel\Shared Libraries\redist\intel64\compiler;C:\WINDOWS\system32;C:\WINDOWS;C:\WINDOWS\System32\Wbem;C:\WINDOWS\System32\WindowsPowerShell\v1.0\;C:\WINDOWS\System32\OpenSSH\;C:\Program Files (x86)\NVIDIA Corporation\PhysX\Common;C:\Program Files\NVIDIA Corporation\NVIDIA NvDLISR;C:\Program Files\dotnet\;C:\Program Files\Microsoft SQL Server\130\Tools\Binn\;C:\Program Files\nodejs\;C:\Program Files\Git\cmd;C:\Program Files\Microsoft SQL Server\Client SDK\ODBC\170\Tools\Binn\;C:\Program Files\MySQL\MySQL Shell 8.0\bin\;C:\Ruby25-x64\bin;C:\Users\ekole_x5tfv7b\AppData\Local\Microsoft\WindowsApps;C:\Users\ekole_x5tfv7b\AppData\Local\GitHubDesktop\bin;C:\Users\ekole_x5tfv7b\AppData\Roaming\npm;C:\adb;D:\Program Files (x86)\IncrediBuild;C:\WINDOWS\system32;C:\WINDOWS;C:\WINDOWS\System32\Wbem;C:\WINDOWS\System32\WindowsPowerShell\v1.0\;C:\WINDOWS\System32\OpenSSH\;C:\Program Files (x86)\Microsoft SQL Server\150\Tools\Binn\;C:\Program Files\Microsoft SQL Server\150\Tools\Binn\;C:\Program Files\Microsoft SQL Server\150\DTS\Binn\;C:\Program Files (x86)\Microsoft SQL Server\150\DTS\Binn\;C:\Program Files\Azure Data Studio\bin;C:\Program Files\MySQL\MySQL Shell 8.0\bin\;C:\Ruby25-x64\bin;C:\Users\ekole_x5tfv7b\AppData\Local\Microsoft\WindowsApps;C:\Users\ekole_x5tfv7b\AppData\Local\GitHubDesktop\bin;C:\Users\ekole_x5tfv7b\AppData\Roaming\npm;C:\Users\ekole_x5tfv7b\AppData\Local\Microsoft\WindowsApps;C:\Users\ekole_x5tfv7b\AppData\Local\Programs\Microsoft VS Code\bin;C:\Program Files\heroku\bin;C:\Program Files\Azure Data Studio
USERNAME=evgeni
OS=Windows_NT
PROCESSOR_IDENTIFIER=Intel64 Family 6 Model 78 Stepping 3, GenuineIntel



---------------  S Y S T E M  ---------------

OS: Windows 10 , 64 bit Build 19041 (10.0.19041.804)

CPU:total 4 (initial active 4) (2 cores per cpu, 2 threads per core) family 6 model 78 stepping 3, cmov, cx8, fxsr, mmx, sse, sse2, sse3, ssse3, sse4.1, sse4.2, popcnt, avx, avx2, aes, clmul, erms, 3dnowpref, lzcnt, ht, tsc, tscinvbit, bmi1, bmi2, adx, fma

Memory: 4k page, system-wide physical 8081M (2088M free)
TotalPageFile size 9987M (AvailPageFile size 105M)
current process WorkingSet (physical memory assigned to process): 10M, peak: 10M
current process commit charge ("private bytes"): 49M, peak: 177M

vm_info: Java HotSpot(TM) 64-Bit Server VM (13.0.2+8) for windows-amd64 JRE (13.0.2+8), built on Dec 11 2019 09:20:33 by "mach5one" with unknown MS VC++:1916

END.
